[debug] [2023-03-23T17:00:39.008Z] ----------------------------------------------------------------------
[debug] [2023-03-23T17:00:39.009Z] Command:       C:\Program Files\nodejs\node.exe C:\Users\Asus.LAPTOP-F661NSI3\AppData\Roaming\npm\node_modules\firebase-tools\lib\bin\firebase.js deploy
[debug] [2023-03-23T17:00:39.010Z] CLI Version:   11.17.0
[debug] [2023-03-23T17:00:39.010Z] Platform:      win32
[debug] [2023-03-23T17:00:39.010Z] Node Version:  v16.15.1
[debug] [2023-03-23T17:00:39.014Z] Time:          Thu Mar 23 2023 23:00:39 GMT+0600 (Bangladesh Standard Time)
[debug] [2023-03-23T17:00:39.015Z] ----------------------------------------------------------------------
[debug] 
[debug] [2023-03-23T17:00:39.092Z] > command requires scopes: ["email","openid","https://www.googleapis.com/auth/cloudplatformprojects.readonly","https://www.googleapis.com/auth/firebase","https://www.googleapis.com/auth/cloud-platform"]
[debug] [2023-03-23T17:00:39.093Z] > authorizing via signed-in user (riadhossinr4@gmail.com)
[debug] [2023-03-23T17:00:39.093Z] [iam] checking project bestschoolpk-ca614 for permissions ["firebase.projects.get","firebasehosting.sites.update"]
[debug] [2023-03-23T17:00:39.095Z] >>> [apiv2][query] POST https://cloudresourcemanager.googleapis.com/v1/projects/bestschoolpk-ca614:testIamPermissions [none]
[debug] [2023-03-23T17:00:39.095Z] >>> [apiv2][(partial)header] POST https://cloudresourcemanager.googleapis.com/v1/projects/bestschoolpk-ca614:testIamPermissions x-goog-quota-user=projects/bestschoolpk-ca614
[debug] [2023-03-23T17:00:39.095Z] >>> [apiv2][body] POST https://cloudresourcemanager.googleapis.com/v1/projects/bestschoolpk-ca614:testIamPermissions {"permissions":["firebase.projects.get","firebasehosting.sites.update"]}
[debug] [2023-03-23T17:00:40.981Z] <<< [apiv2][status] POST https://cloudresourcemanager.googleapis.com/v1/projects/bestschoolpk-ca614:testIamPermissions 200
[debug] [2023-03-23T17:00:40.981Z] <<< [apiv2][body] POST https://cloudresourcemanager.googleapis.com/v1/projects/bestschoolpk-ca614:testIamPermissions {"permissions":["firebase.projects.get","firebasehosting.sites.update"]}
[debug] [2023-03-23T17:00:40.982Z] >>> [apiv2][query] GET https://firebase.googleapis.com/v1beta1/projects/bestschoolpk-ca614 [none]
[debug] [2023-03-23T17:00:41.822Z] <<< [apiv2][status] GET https://firebase.googleapis.com/v1beta1/projects/bestschoolpk-ca614 200
[debug] [2023-03-23T17:00:41.822Z] <<< [apiv2][body] GET https://firebase.googleapis.com/v1beta1/projects/bestschoolpk-ca614 {"projectId":"bestschoolpk-ca614","projectNumber":"180016915789","displayName":"BestSchoolPk","name":"projects/bestschoolpk-ca614","resources":{"hostingSite":"bestschoolpk-ca614"},"state":"ACTIVE","etag":"1_f865550c-3d1f-4f12-a374-03d8df99ce8f"}
[info] 
[info] === Deploying to 'bestschoolpk-ca614'...
[info] 
[info] i  deploying hosting 
[debug] [2023-03-23T17:00:41.827Z] >>> [apiv2][query] POST https://firebasehosting.googleapis.com/v1beta1/projects/-/sites/bestschoolpk-ca614/versions [none]
[debug] [2023-03-23T17:00:41.827Z] >>> [apiv2][body] POST https://firebasehosting.googleapis.com/v1beta1/projects/-/sites/bestschoolpk-ca614/versions {"status":"CREATED","labels":{"deployment-tool":"cli-firebase"}}
[debug] [2023-03-23T17:00:43.779Z] <<< [apiv2][status] POST https://firebasehosting.googleapis.com/v1beta1/projects/-/sites/bestschoolpk-ca614/versions 200
[debug] [2023-03-23T17:00:43.779Z] <<< [apiv2][body] POST https://firebasehosting.googleapis.com/v1beta1/projects/-/sites/bestschoolpk-ca614/versions {"name":"projects/180016915789/sites/bestschoolpk-ca614/versions/6491346b0032963b","status":"CREATED","config":{},"labels":{"deployment-tool":"cli-firebase"}}
